# JRE version: OpenJDK Runtime Environment (8.0_151-b12) (build 1.8.0_151-b12)
# Java VM: OpenJDK 64-Bit Server VM (25.151-b12 mixed mode linux-amd64 compressed oops)
Heap:
 PSYoungGen      total 177664K, used 64K [0x0000000782100000, 0x0000000793100000, 0x00000007c0000000)
  eden space 155648K, 0% used [0x0000000782100000,0x0000000782100000,0x000000078b900000)
  from space 22016K, 0% used [0x000000078b900000,0x000000078b910000,0x000000078ce80000)
  to   space 22528K, 0% used [0x0000000791b00000,0x0000000791b00000,0x0000000793100000)
 ParOldGen       total 130048K, used 47029K [0x0000000706200000, 0x000000070e100000, 0x0000000782100000)
  object space 130048K, 36% used [0x0000000706200000,0x0000000708fed560,0x000000070e100000)
 Metaspace       used 33338K, capacity 34100K, committed 34432K, reserved 1079296K
  class space    used 3658K, capacity 3927K, committed 3968K, reserved 1048576K
GC Heap History (10 events):
Event: 24.740 GC heap after
Heap after GC invocations=11 (full 1):
 PSYoungGen      total 129536K, used 5120K [0x0000000782100000, 0x000000078b400000, 0x00000007c0000000)
  eden space 110592K, 0% used [0x0000000782100000,0x0000000782100000,0x0000000788d00000)
  from space 18944K, 27% used [0x000000078a180000,0x000000078a680000,0x000000078b400000)
  to   space 19968K, 0% used [0x0000000788d00000,0x0000000788d00000,0x000000078a080000)
 ParOldGen       total 61440K, used 33204K [0x0000000706200000, 0x0000000709e00000, 0x0000000782100000)
  object space 61440K, 54% used [0x0000000706200000,0x000000070826d280,0x0000000709e00000)
 Metaspace       used 27800K, capacity 28452K, committed 28672K, reserved 1075200K
  class space    used 2999K, capacity 3227K, committed 3328K, reserved 1048576K
}
Event: 39.779 GC heap before
{Heap before GC invocations=12 (full 1):
 PSYoungGen      total 129536K, used 104768K [0x0000000782100000, 0x000000078b400000, 0x00000007c0000000)
  eden space 110592K, 90% used [0x0000000782100000,0x0000000788250228,0x0000000788d00000)
  from space 18944K, 27% used [0x000000078a180000,0x000000078a680000,0x000000078b400000)
  to   space 19968K, 0% used [0x0000000788d00000,0x0000000788d00000,0x000000078a080000)
 ParOldGen       total 61440K, used 33204K [0x0000000706200000, 0x0000000709e00000, 0x0000000782100000)
  object space 61440K, 54% used [0x0000000706200000,0x000000070826d280,0x0000000709e00000)
 Metaspace       used 33145K, capacity 33908K, committed 34176K, reserved 1079296K
  class space    used 3650K, capacity 3927K, committed 3968K, reserved 1048576K
Event: 39.797 GC heap after
Heap after GC invocations=12 (full 1):
 PSYoungGen      total 130560K, used 15768K [0x0000000782100000, 0x000000078e300000, 0x00000007c0000000)
  eden space 110592K, 0% used [0x0000000782100000,0x0000000782100000,0x0000000788d00000)
  from space 19968K, 78% used [0x0000000788d00000,0x0000000789c66090,0x000000078a080000)
  to   space 20992K, 0% used [0x000000078ce80000,0x000000078ce80000,0x000000078e300000)
 ParOldGen       total 61440K, used 35729K [0x0000000706200000, 0x0000000709e00000, 0x0000000782100000)
  object space 61440K, 58% used [0x0000000706200000,0x00000007084e4600,0x0000000709e00000)
 Metaspace       used 33145K, capacity 33908K, committed 34176K, reserved 1079296K
  class space    used 3650K, capacity 3927K, committed 3968K, reserved 1048576K
}
Event: 40.485 GC heap before
{Heap before GC invocations=13 (full 1):
 PSYoungGen      total 130560K, used 126360K [0x0000000782100000, 0x000000078e300000, 0x00000007c0000000)
  eden space 110592K, 100% used [0x0000000782100000,0x0000000788d00000,0x0000000788d00000)
  from space 19968K, 78% used [0x0000000788d00000,0x0000000789c66090,0x000000078a080000)
  to   space 20992K, 0% used [0x000000078ce80000,0x000000078ce80000,0x000000078e300000)
 ParOldGen       total 61440K, used 35729K [0x0000000706200000, 0x0000000709e00000, 0x0000000782100000)
  object space 61440K, 58% used [0x0000000706200000,0x00000007084e4600,0x0000000709e00000)
 Metaspace       used 33297K, capacity 34100K, committed 34432K, reserved 1079296K
  class space    used 3650K, capacity 3927K, committed 3968K, reserved 1048576K
Event: 40.520 GC heap after
Heap after GC invocations=13 (full 1):
 PSYoungGen      total 176640K, used 128K [0x0000000782100000, 0x000000078ed80000, 0x00000007c0000000)
  eden space 155648K, 0% used [0x0000000782100000,0x0000000782100000,0x000000078b900000)
  from space 20992K, 0% used [0x000000078ce80000,0x000000078cea0000,0x000000078e300000)
  to   space 22016K, 0% used [0x000000078b900000,0x000000078b900000,0x000000078ce80000)
 ParOldGen       total 87552K, used 86563K [0x0000000706200000, 0x000000070b780000, 0x0000000782100000)
  object space 87552K, 98% used [0x0000000706200000,0x000000070b688c70,0x000000070b780000)
 Metaspace       used 33297K, capacity 34100K, committed 34432K, reserved 1079296K
  class space    used 3650K, capacity 3927K, committed 3968K, reserved 1048576K
}
Event: 40.520 GC heap before
{Heap before GC invocations=14 (full 2):
 PSYoungGen      total 176640K, used 128K [0x0000000782100000, 0x000000078ed80000, 0x00000007c0000000)
  eden space 155648K, 0% used [0x0000000782100000,0x0000000782100000,0x000000078b900000)
  from space 20992K, 0% used [0x000000078ce80000,0x000000078cea0000,0x000000078e300000)
  to   space 22016K, 0% used [0x000000078b900000,0x000000078b900000,0x000000078ce80000)
 ParOldGen       total 87552K, used 86563K [0x0000000706200000, 0x000000070b780000, 0x0000000782100000)
  object space 87552K, 98% used [0x0000000706200000,0x000000070b688c70,0x000000070b780000)
 Metaspace       used 33297K, capacity 34100K, committed 34432K, reserved 1079296K
  class space    used 3650K, capacity 3927K, committed 3968K, reserved 1048576K
Event: 40.621 GC heap after
Heap after GC invocations=14 (full 2):
 PSYoungGen      total 176640K, used 0K [0x0000000782100000, 0x000000078ed80000, 0x00000007c0000000)
  eden space 155648K, 0% used [0x0000000782100000,0x0000000782100000,0x000000078b900000)
  from space 20992K, 0% used [0x000000078ce80000,0x000000078ce80000,0x000000078e300000)
  to   space 22016K, 0% used [0x000000078b900000,0x000000078b900000,0x000000078ce80000)
 ParOldGen       total 130048K, used 47029K [0x0000000706200000, 0x000000070e100000, 0x0000000782100000)
  object space 130048K, 36% used [0x0000000706200000,0x0000000708fed560,0x000000070e100000)
 Metaspace       used 33297K, capacity 34100K, committed 34432K, reserved 1079296K
  class space    used 3650K, capacity 3927K, committed 3968K, reserved 1048576K
}
Event: 47.913 GC heap before
{Heap before GC invocations=15 (full 2):
 PSYoungGen      total 176640K, used 8756K [0x0000000782100000, 0x000000078ed80000, 0x00000007c0000000)
  eden space 155648K, 5% used [0x0000000782100000,0x000000078298d060,0x000000078b900000)
  from space 20992K, 0% used [0x000000078ce80000,0x000000078ce80000,0x000000078e300000)
  to   space 22016K, 0% used [0x000000078b900000,0x000000078b900000,0x000000078ce80000)
 ParOldGen       total 130048K, used 47029K [0x0000000706200000, 0x000000070e100000, 0x0000000782100000)
  object space 130048K, 36% used [0x0000000706200000,0x0000000708fed560,0x000000070e100000)
 Metaspace       used 33338K, capacity 34100K, committed 34432K, reserved 1079296K
  class space    used 3658K, capacity 3927K, committed 3968K, reserved 1048576K
Event: 47.916 GC heap after
Heap after GC invocations=15 (full 2):
 PSYoungGen      total 177664K, used 64K [0x0000000782100000, 0x0000000793100000, 0x00000007c0000000)
  eden space 155648K, 0% used [0x0000000782100000,0x0000000782100000,0x000000078b900000)
  from space 22016K, 0% used [0x000000078b900000,0x000000078b910000,0x000000078ce80000)
  to   space 22528K, 0% used [0x0000000791b00000,0x0000000791b00000,0x0000000793100000)
 ParOldGen       total 130048K, used 47029K [0x0000000706200000, 0x000000070e100000, 0x0000000782100000)
  object space 130048K, 36% used [0x0000000706200000,0x0000000708fed560,0x000000070e100000)
 Metaspace       used 33338K, capacity 34100K, committed 34432K, reserved 1079296K
  class space    used 3658K, capacity 3927K, committed 3968K, reserved 1048576K
}
Event: 47.916 GC heap before
{Heap before GC invocations=16 (full 3):
 PSYoungGen      total 177664K, used 64K [0x0000000782100000, 0x0000000793100000, 0x00000007c0000000)
  eden space 155648K, 0% used [0x0000000782100000,0x0000000782100000,0x000000078b900000)
  from space 22016K, 0% used [0x000000078b900000,0x000000078b910000,0x000000078ce80000)
  to   space 22528K, 0% used [0x0000000791b00000,0x0000000791b00000,0x0000000793100000)
 ParOldGen       total 130048K, used 47029K [0x0000000706200000, 0x000000070e100000, 0x0000000782100000)
  object space 130048K, 36% used [0x0000000706200000,0x0000000708fed560,0x000000070e100000)
 Metaspace       used 33338K, capacity 34100K, committed 34432K, reserved 1079296K
  class space    used 3658K, capacity 3927K, committed 3968K, reserved 1048576K

